# JRE version: OpenJDK Runtime Environment Temurin-17.0.7+7 (17.0.7+7) (build 17.0.7+7)
# Java VM: OpenJDK 64-Bit Server VM Temurin-17.0.7+7 (17.0.7+7, mixed mode, tiered, compressed oops, compressed class ptrs, g1 gc, linux-amd64)
GC Precious Log:
 CPUs: 16 total, 12 available
 Memory: 15360M
 Large Page Support: Disabled
 NUMA Support: Disabled
 Compressed Oops: Enabled (Zero based)
 Heap Region Size: 8M
 Heap Min Capacity: 8M
 Heap Initial Capacity: 248M
 Heap Max Capacity: 14G
 Pre-touch: Disabled
 Parallel Workers: 10
 Concurrent Workers: 3
 Concurrent Refinement Workers: 10
 Periodic GC: Disabled
Heap:
 garbage-first heap   total 253952K, used 95138K [0x0000000480000000, 0x0000000800000000)
  region size 8192K, 1 young (8192K), 0 survivors (0K)
 Metaspace       used 13434K, committed 13504K, reserved 1114112K
  class space    used 1228K, committed 1280K, reserved 1048576K
GC Heap History (10 events):
Event: 0.415 GC heap before
{Heap before GC invocations=0 (full 0):
 garbage-first heap   total 253952K, used 16384K [0x0000000480000000, 0x0000000800000000)
  region size 8192K, 2 young (16384K), 0 survivors (0K)
 Metaspace       used 12871K, committed 12992K, reserved 1114112K
  class space    used 1165K, committed 1216K, reserved 1048576K
}
Event: 0.420 GC heap after
{Heap after GC invocations=1 (full 0):
 garbage-first heap   total 253952K, used 4237K [0x0000000480000000, 0x0000000800000000)
  region size 8192K, 1 young (8192K), 1 survivors (8192K)
 Metaspace       used 12871K, committed 12992K, reserved 1114112K
  class space    used 1165K, committed 1216K, reserved 1048576K
}
Event: 0.478 GC heap before
{Heap before GC invocations=1 (full 0):
 garbage-first heap   total 253952K, used 20621K [0x0000000480000000, 0x0000000800000000)
  region size 8192K, 3 young (24576K), 1 survivors (8192K)
 Metaspace       used 13124K, committed 13248K, reserved 1114112K
  class space    used 1190K, committed 1216K, reserved 1048576K
}
Event: 0.490 GC heap after
{Heap after GC invocations=2 (full 0):
 garbage-first heap   total 253952K, used 18958K [0x0000000480000000, 0x0000000800000000)
  region size 8192K, 1 young (8192K), 1 survivors (8192K)
 Metaspace       used 13124K, committed 13248K, reserved 1114112K
  class space    used 1190K, committed 1216K, reserved 1048576K
}
Event: 0.512 GC heap before
{Heap before GC invocations=2 (full 0):
 garbage-first heap   total 253952K, used 51726K [0x0000000480000000, 0x0000000800000000)
  region size 8192K, 3 young (24576K), 1 survivors (8192K)
 Metaspace       used 13285K, committed 13440K, reserved 1114112K
  class space    used 1218K, committed 1280K, reserved 1048576K
}
Event: 0.524 GC heap after
{Heap after GC invocations=3 (full 0):
 garbage-first heap   total 253952K, used 52318K [0x0000000480000000, 0x0000000800000000)
  region size 8192K, 1 young (8192K), 1 survivors (8192K)
 Metaspace       used 13285K, committed 13440K, reserved 1114112K
  class space    used 1218K, committed 1280K, reserved 1048576K
}
Event: 0.532 GC heap before
{Heap before GC invocations=3 (full 0):
 garbage-first heap   total 253952K, used 68702K [0x0000000480000000, 0x0000000800000000)
  region size 8192K, 3 young (24576K), 1 survivors (8192K)
 Metaspace       used 13286K, committed 13440K, reserved 1114112K
  class space    used 1218K, committed 1280K, reserved 1048576K
}
Event: 0.546 GC heap after
{Heap after GC invocations=4 (full 0):
 garbage-first heap   total 253952K, used 70111K [0x0000000480000000, 0x0000000800000000)
  region size 8192K, 1 young (8192K), 1 survivors (8192K)
 Metaspace       used 13286K, committed 13440K, reserved 1114112K
  class space    used 1218K, committed 1280K, reserved 1048576K
}
Event: 0.570 GC heap before
{Heap before GC invocations=4 (full 0):
 garbage-first heap   total 253952K, used 94687K [0x0000000480000000, 0x0000000800000000)
  region size 8192K, 3 young (24576K), 1 survivors (8192K)
 Metaspace       used 13355K, committed 13440K, reserved 1114112K
  class space    used 1225K, committed 1280K, reserved 1048576K
}
Event: 0.612 GC heap after
{Heap after GC invocations=5 (full 1):
 garbage-first heap   total 253952K, used 95138K [0x0000000480000000, 0x0000000800000000)
  region size 8192K, 0 young (0K), 0 survivors (0K)
 Metaspace       used 13355K, committed 13440K, reserved 1114112K
  class space    used 1225K, committed 1280K, reserved 1048576K
}

